0 info it worked if it ends with ok
1 verbose cli [ '/usr/local/bin/node',
1 verbose cli   '/usr/local/bin/npm',
1 verbose cli   'install',
1 verbose cli   '--save',
1 verbose cli   'react-modal@2.2.2' ]
2 info using npm@3.10.8
3 info using node@v6.9.1
4 silly loadCurrentTree Starting
5 silly install loadCurrentTree
6 silly install readLocalPackageData
7 silly fetchPackageMetaData react-modal@2.2.2
8 silly fetchNamedPackageData react-modal
9 silly mapToRegistry name react-modal
10 silly mapToRegistry using default registry
11 silly mapToRegistry registry http://npm.aws.cbtnuggets.com/
12 silly mapToRegistry data Result {
12 silly mapToRegistry   raw: 'react-modal',
12 silly mapToRegistry   scope: null,
12 silly mapToRegistry   escapedName: 'react-modal',
12 silly mapToRegistry   name: 'react-modal',
12 silly mapToRegistry   rawSpec: '',
12 silly mapToRegistry   spec: 'latest',
12 silly mapToRegistry   type: 'tag' }
13 silly mapToRegistry uri http://npm.aws.cbtnuggets.com/react-modal
14 verbose request uri http://npm.aws.cbtnuggets.com/react-modal
15 verbose request no auth needed
16 info attempt registry request try #1 at 4:46:19 PM
17 verbose request id 6deb022b19eb8075
18 verbose etag "67b569f83563e232a22cdd17b5cfa6db"
19 http request GET http://npm.aws.cbtnuggets.com/react-modal
20 info retry will retry, error on last attempt: Error: connect ECONNREFUSED 172.18.41.168:80
21 info attempt registry request try #2 at 4:47:35 PM
22 verbose etag "67b569f83563e232a22cdd17b5cfa6db"
23 http request GET http://npm.aws.cbtnuggets.com/react-modal
24 info retry will retry, error on last attempt: Error: connect ECONNREFUSED 172.18.31.228:80
25 info attempt registry request try #3 at 4:49:42 PM
26 verbose etag "67b569f83563e232a22cdd17b5cfa6db"
27 http request GET http://npm.aws.cbtnuggets.com/react-modal
28 silly get cb [ 304, undefined ]
29 verbose etag http://npm.aws.cbtnuggets.com/react-modal from cache
30 verbose get saving react-modal to /Users/luis suarez/.npm/npm.aws.cbtnuggets.com/react-modal/.cache.json
31 verbose correctMkdir /Users/luis suarez/.npm correctMkdir not in flight; initializing
32 silly install normalizeTree
33 silly loadCurrentTree Finishing
34 silly loadIdealTree Starting
35 silly install loadIdealTree
36 silly cloneCurrentTree Starting
37 silly install cloneCurrentTreeToIdealTree
38 silly cloneCurrentTree Finishing
39 silly loadShrinkwrap Starting
40 silly install loadShrinkwrap
41 silly loadShrinkwrap Finishing
42 silly loadAllDepsIntoIdealTree Starting
43 silly install loadAllDepsIntoIdealTree
44 silly resolveWithNewModule react-modal@2.2.2 checking installable status
45 silly cache add args [ 'react-modal@2.2.2', null ]
46 verbose cache add spec react-modal@2.2.2
47 silly cache add parsed spec Result {
47 silly cache add   raw: 'react-modal@2.2.2',
47 silly cache add   scope: null,
47 silly cache add   escapedName: 'react-modal',
47 silly cache add   name: 'react-modal',
47 silly cache add   rawSpec: '2.2.2',
47 silly cache add   spec: '2.2.2',
47 silly cache add   type: 'version' }
48 silly addNamed react-modal@2.2.2
49 verbose addNamed "2.2.2" is a plain semver version for react-modal
50 silly mapToRegistry name react-modal
51 silly mapToRegistry using default registry
52 silly mapToRegistry registry http://npm.aws.cbtnuggets.com/
53 silly mapToRegistry data Result {
53 silly mapToRegistry   raw: 'react-modal',
53 silly mapToRegistry   scope: null,
53 silly mapToRegistry   escapedName: 'react-modal',
53 silly mapToRegistry   name: 'react-modal',
53 silly mapToRegistry   rawSpec: '',
53 silly mapToRegistry   spec: 'latest',
53 silly mapToRegistry   type: 'tag' }
54 silly mapToRegistry uri http://npm.aws.cbtnuggets.com/react-modal
55 verbose addNameVersion registry:http://npm.aws.cbtnuggets.com/react-modal not in flight; fetching
56 verbose get http://npm.aws.cbtnuggets.com/react-modal not expired, no request
57 silly mapToRegistry name react-modal
58 silly mapToRegistry using default registry
59 silly mapToRegistry registry http://npm.aws.cbtnuggets.com/
60 silly mapToRegistry data Result {
60 silly mapToRegistry   raw: 'react-modal',
60 silly mapToRegistry   scope: null,
60 silly mapToRegistry   escapedName: 'react-modal',
60 silly mapToRegistry   name: 'react-modal',
60 silly mapToRegistry   rawSpec: '',
60 silly mapToRegistry   spec: 'latest',
60 silly mapToRegistry   type: 'tag' }
61 silly mapToRegistry uri http://npm.aws.cbtnuggets.com/react-modal
62 verbose addRemoteTarball http://npm.aws.cbtnuggets.com/react-modal/-/react-modal-2.2.2.tgz not in flight; adding
63 verbose addRemoteTarball [ 'http://npm.aws.cbtnuggets.com/react-modal/-/react-modal-2.2.2.tgz',
63 verbose addRemoteTarball   '4bbf98bc506e61c446c9f57329c7a488ea7d504b' ]
64 info retry fetch attempt 1 at 4:50:49 PM
65 info attempt registry request try #1 at 4:50:49 PM
66 http fetch GET http://npm.aws.cbtnuggets.com/react-modal/-/react-modal-2.2.2.tgz
67 info retry will retry, error on last attempt: Error: connect ECONNREFUSED 172.18.31.228:80
68 info attempt registry request try #2 at 4:52:06 PM
69 http fetch GET http://npm.aws.cbtnuggets.com/react-modal/-/react-modal-2.2.2.tgz
70 info retry will retry, error on last attempt: Error: connect ECONNREFUSED 172.18.31.228:80
71 info attempt registry request try #3 at 4:54:13 PM
72 http fetch GET http://npm.aws.cbtnuggets.com/react-modal/-/react-modal-2.2.2.tgz
73 error fetch failed http://npm.aws.cbtnuggets.com/react-modal/-/react-modal-2.2.2.tgz
74 warn retry will retry, error on last attempt: Error: connect ETIMEDOUT 172.18.31.228:80
75 info retry fetch attempt 2 at 4:58:52 PM
76 info attempt registry request try #1 at 4:58:52 PM
77 http fetch GET http://npm.aws.cbtnuggets.com/react-modal/-/react-modal-2.2.2.tgz
78 info retry will retry, error on last attempt: Error: connect ECONNREFUSED 172.18.41.168:80
79 info attempt registry request try #2 at 5:00:09 PM
80 http fetch GET http://npm.aws.cbtnuggets.com/react-modal/-/react-modal-2.2.2.tgz
81 info retry will retry, error on last attempt: Error: connect ECONNREFUSED 172.18.31.228:80
82 info attempt registry request try #3 at 5:02:17 PM
83 http fetch GET http://npm.aws.cbtnuggets.com/react-modal/-/react-modal-2.2.2.tgz
84 error fetch failed http://npm.aws.cbtnuggets.com/react-modal/-/react-modal-2.2.2.tgz
85 warn retry will retry, error on last attempt: Error: connect ECONNREFUSED 172.18.31.228:80
86 info retry fetch attempt 3 at 5:04:23 PM
87 info attempt registry request try #1 at 5:04:23 PM
88 http fetch GET http://npm.aws.cbtnuggets.com/react-modal/-/react-modal-2.2.2.tgz
89 info retry will retry, error on last attempt: Error: connect ECONNREFUSED 172.18.41.168:80
90 info attempt registry request try #2 at 5:05:40 PM
91 http fetch GET http://npm.aws.cbtnuggets.com/react-modal/-/react-modal-2.2.2.tgz
92 info retry will retry, error on last attempt: Error: connect ECONNREFUSED 172.18.31.228:80
93 info attempt registry request try #3 at 5:07:48 PM
94 http fetch GET http://npm.aws.cbtnuggets.com/react-modal/-/react-modal-2.2.2.tgz
95 error fetch failed http://npm.aws.cbtnuggets.com/react-modal/-/react-modal-2.2.2.tgz
96 silly rollbackFailedOptional Starting
97 silly rollbackFailedOptional Finishing
98 silly runTopLevelLifecycles Finishing
99 silly install printInstalled
100 verbose stack Error: connect ECONNREFUSED 172.18.31.228:80
100 verbose stack     at Object.exports._errnoException (util.js:1026:11)
100 verbose stack     at exports._exceptionWithHostPort (util.js:1049:20)
100 verbose stack     at TCPConnectWrap.afterConnect [as oncomplete] (net.js:1085:14)
101 verbose cwd /Users/luis suarez/Documents/andrew
102 error Darwin 16.7.0
103 error argv "/usr/local/bin/node" "/usr/local/bin/npm" "install" "--save" "react-modal@2.2.2"
104 error node v6.9.1
105 error npm  v3.10.8
106 error code ECONNREFUSED
107 error errno ECONNREFUSED
108 error syscall connect
109 error Error: connect ECONNREFUSED 172.18.31.228:80
109 error     at Object.exports._errnoException (util.js:1026:11)
109 error     at exports._exceptionWithHostPort (util.js:1049:20)
109 error     at TCPConnectWrap.afterConnect [as oncomplete] (net.js:1085:14)
109 error  { Error: connect ECONNREFUSED 172.18.31.228:80
109 error     at Object.exports._errnoException (util.js:1026:11)
109 error     at exports._exceptionWithHostPort (util.js:1049:20)
109 error     at TCPConnectWrap.afterConnect [as oncomplete] (net.js:1085:14)
109 error   code: 'ECONNREFUSED',
109 error   errno: 'ECONNREFUSED',
109 error   syscall: 'connect',
109 error   address: '172.18.31.228',
109 error   port: 80,
109 error   parent: 'andrew' }
110 error If you are behind a proxy, please make sure that the
110 error 'proxy' config is set properly.  See: 'npm help config'
111 verbose exit [ 1, true ]
